<?xml version="1.0" encoding="UTF-8"?>
<!-- Generated by org.testng.reporters.JUnitXMLReporter -->
<testsuite hostname="AMR" name="Default test" tests="4" failures="0" timestamp="27 Aug 2019 09:55:43 GMT" time="51.888" errors="0">
  <testcase name="SrcAndDest" time="4.154" classname="org.cts.journeys.FirstAir"/>
  <testcase name="SelectFlight" time="20.875" classname="org.cts.journeys.FirstAir"/>
  <testcase name="PassengerDetail" time="12.181" classname="org.cts.journeys.FirstAir"/>
  <testcase name="PaymentDetail" time="4.543" classname="org.cts.journeys.FirstAir"/>
</testsuite> <!-- Default test -->
